{"browserType":"火狐","categoryID":17,"channelID":2,"city":"朝阳","country":"china","entryTime":1577883660000,"leaveTime":1577898060000,"network":"联通","produceID":13,"province":"北京","source":"百度跳转","userID":12}
{"browserType":"谷歌浏览器","categoryID":19,"channelID":11,"city":"昌平","country":"china","entryTime":1577890860000,"leaveTime":1577898060000,"network":"移动","produceID":10,"province":"北京","source":"必应跳转","userID":3}
{"browserType":"谷歌浏览器","categoryID":6,"channelID":16,"city":"昌平","country":"china","entryTime":1577898060000,"leaveTime":1577898060000,"network":"移动","produceID":3,"province":"北京","source":"百度跳转","userID":14}
{"browserType":"360浏览器","categoryID":14,"channelID":3,"city":"海淀","country":"china","entryTime":1577887260000,"leaveTime":1577898060000,"network":"移动","produceID":20,"province":"北京","source":"必应跳转","userID":1}
{"browserType":"火狐","categoryID":20,"channelID":20,"city":"昌平","country":"china","entryTime":1577894460000,"leaveTime":1577898060000,"network":"电信","produceID":4,"province":"北京","source":"直接输入","userID":17}
{"browserType":"火狐","categoryID":19,"channelID":15,"city":"朝阳","country":"china","entryTime":1577887260000,"leaveTime":1577898060000,"network":"联通","produceID":15,"province":"北京","source":"直接输入","userID":4}
{"browserType":"qq浏览器","categoryID":20,"channelID":17,"city":"海淀","country":"china","entryTime":1577883660000,"leaveTime":1577898060000,"network":"移动","produceID":11,"province":"北京","source":"必应跳转","userID":8}
{"browserType":"火狐","categoryID":17,"channelID":12,"city":"海淀","country":"china","entryTime":1577887260000,"leaveTime":1577898060000,"network":"电信","produceID":17,"province":"北京","source":"直接输入","userID":14}
{"browserType":"火狐","categoryID":9,"channelID":13,"city":"朝阳","country":"china","entryTime":1577894460000,"leaveTime":1577898060000,"network":"移动","produceID":2,"province":"北京","source":"百度跳转","userID":8}
{"browserType":"qq浏览器","categoryID":17,"channelID":1,"city":"海淀","country":"china","entryTime":1577876460000,"leaveTime":1577898060000,"network":"移动","produceID":11,"province":"北京","source":"直接输入","userID":19}
{"browserType":"火狐","categoryID":8,"channelID":17,"city":"朝阳","country":"china","entryTime":1577865660000,"leaveTime":1577898060000,"network":"电信","produceID":12,"province":"北京","source":"直接输入","userID":13}
{"browserType":"qq浏览器","categoryID":8,"channelID":20,"city":"海淀","country":"china","entryTime":1577872860000,"leaveTime":1577898060000,"network":"移动","produceID":12,"province":"北京","source":"直接输入","userID":11}
{"browserType":"360浏览器","categoryID":17,"channelID":4,"city":"海淀","country":"china","entryTime":1577898060000,"leaveTime":1577898060000,"network":"移动","produceID":2,"province":"北京","source":"必应跳转","userID":8}
{"browserType":"谷歌浏览器","categoryID":8,"channelID":16,"city":"昌平","country":"china","entryTime":1577876460000,"leaveTime":1577898060000,"network":"联通","produceID":11,"province":"北京","source":"百度跳转","userID":18}
{"browserType":"qq浏览器","categoryID":10,"channelID":13,"city":"昌平","country":"china","entryTime":1577890860000,"leaveTime":1577898060000,"network":"电信","produceID":9,"province":"北京","source":"360搜索跳转","userID":18}
{"browserType":"谷歌浏览器","categoryID":19,"channelID":10,"city":"昌平","country":"china","entryTime":1577898060000,"leaveTime":1577898060000,"network":"电信","produceID":17,"province":"北京","source":"360搜索跳转","userID":8}
{"browserType":"qq浏览器","categoryID":20,"channelID":9,"city":"海淀","country":"china","entryTime":1577898060000,"leaveTime":1577898060000,"network":"电信","produceID":4,"province":"北京","source":"直接输入","userID":6}
{"browserType":"谷歌浏览器","categoryID":10,"channelID":15,"city":"朝阳","country":"china","entryTime":1577865660000,"leaveTime":1577898060000,"network":"电信","produceID":3,"province":"北京","source":"直接输入","userID":6}
{"browserType":"360浏览器","categoryID":13,"channelID":9,"city":"海淀","country":"china","entryTime":1577865660000,"leaveTime":1577898060000,"network":"移动","produceID":11,"province":"北京","source":"360搜索跳转","userID":6}
{"browserType":"360浏览器","categoryID":14,"channelID":7,"city":"朝阳","country":"china","entryTime":1577887260000,"leaveTime":1577898060000,"network":"联通","produceID":6,"province":"北京","source":"百度跳转","userID":4}
{"browserType":"火狐","categoryID":17,"channelID":19,"city":"海淀","country":"china","entryTime":1577880060000,"leaveTime":1577898060000,"network":"电信","produceID":20,"province":"北京","source":"直接输入","userID":13}
{"browserType":"火狐","categoryID":11,"channelID":4,"city":"朝阳","country":"china","entryTime":1577880060000,"leaveTime":1577898060000,"network":"移动","produceID":13,"province":"北京","source":"必应跳转","userID":1}
{"browserType":"谷歌浏览器","categoryID":12,"channelID":7,"city":"海淀","country":"china","entryTime":1577876460000,"leaveTime":1577898060000,"network":"移动","produceID":16,"province":"北京","source":"直接输入","userID":10}
{"browserType":"360浏览器","categoryID":3,"channelID":20,"city":"朝阳","country":"china","entryTime":1577872860000,"leaveTime":1577898060000,"network":"联通","produceID":6,"province":"北京","source":"百度跳转","userID":16}
{"browserType":"qq浏览器","categoryID":6,"channelID":3,"city":"昌平","country":"china","entryTime":1577869260000,"leaveTime":1577898060000,"network":"电信","produceID":13,"province":"北京","source":"直接输入","userID":14}
{"browserType":"360浏览器","categoryID":14,"channelID":5,"city":"海淀","country":"china","entryTime":1577894460000,"leaveTime":1577898060000,"network":"电信","produceID":1,"province":"北京","source":"360搜索跳转","userID":13}
{"browserType":"360浏览器","categoryID":1,"channelID":14,"city":"昌平","country":"china","entryTime":1577872860000,"leaveTime":1577898060000,"network":"移动","produceID":11,"province":"北京","source":"必应跳转","userID":3}
{"browserType":"qq浏览器","categoryID":8,"channelID":20,"city":"昌平","country":"china","entryTime":1577865660000,"leaveTime":1577898060000,"network":"电信","produceID":6,"province":"北京","source":"直接输入","userID":11}
{"browserType":"qq浏览器","categoryID":1,"channelID":14,"city":"海淀","country":"china","entryTime":1577872860000,"leaveTime":1577898060000,"network":"电信","produceID":18,"province":"北京","source":"百度跳转","userID":18}
{"browserType":"qq浏览器","categoryID":2,"channelID":6,"city":"海淀","country":"china","entryTime":1577894460000,"leaveTime":1577898060000,"network":"联通","produceID":1,"province":"北京","source":"必应跳转","userID":13}